<?xml version="1.0" encoding="UTF-8"?>
<coverage generated="1597615428451" clover="3.2.0">
  <project timestamp="1597615428451" name="All files">
    <metrics statements="17" coveredstatements="9" conditionals="6" coveredconditionals="0" methods="13" coveredmethods="6" elements="36" coveredelements="15" complexity="0" loc="17" ncloc="17" packages="4" files="4" classes="4"/>
    <package name="assets">
      <metrics statements="1" coveredstatements="1" conditionals="0" coveredconditionals="0" methods="0" coveredmethods="0"/>
      <file name="logo.svg" path="/home/alex/projects/vue/medvedev-vue-bookstore/src/assets/logo.svg">
        <metrics statements="1" coveredstatements="1" conditionals="0" coveredconditionals="0" methods="0" coveredmethods="0"/>
        <line num="1" count="1" type="stmt"/>
      </file>
    </package>
    <package name="components">
      <metrics statements="1" coveredstatements="1" conditionals="0" coveredconditionals="0" methods="1" coveredmethods="1"/>
      <file name="HelloWorld.vue" path="/home/alex/projects/vue/medvedev-vue-bookstore/src/components/HelloWorld.vue">
        <metrics statements="1" coveredstatements="1" conditionals="0" coveredconditionals="0" methods="1" coveredmethods="1"/>
        <line num="98" count="1" type="stmt"/>
      </file>
    </package>
    <package name="components.authors">
      <metrics statements="3" coveredstatements="3" conditionals="0" coveredconditionals="0" methods="3" coveredmethods="2"/>
      <file name="AuthorsList.vue" path="/home/alex/projects/vue/medvedev-vue-bookstore/src/components/authors/AuthorsList.vue">
        <metrics statements="3" coveredstatements="3" conditionals="0" coveredconditionals="0" methods="3" coveredmethods="2"/>
        <line num="17" count="1" type="stmt"/>
        <line num="21" count="1" type="stmt"/>
        <line num="26" count="1" type="stmt"/>
      </file>
    </package>
    <package name="components.books">
      <metrics statements="12" coveredstatements="4" conditionals="6" coveredconditionals="0" methods="9" coveredmethods="3"/>
      <file name="BooksGrid.vue" path="/home/alex/projects/vue/medvedev-vue-bookstore/src/components/books/BooksGrid.vue">
        <metrics statements="12" coveredstatements="4" conditionals="6" coveredconditionals="0" methods="9" coveredmethods="3"/>
        <line num="64" count="1" type="stmt"/>
        <line num="69" count="3" type="stmt"/>
        <line num="75" count="3" type="stmt"/>
        <line num="77" count="0" type="stmt"/>
        <line num="78" count="0" type="stmt"/>
        <line num="83" count="0" type="stmt"/>
        <line num="88" count="0" type="stmt"/>
        <line num="89" count="0" type="cond" truecount="0" falsecount="2"/>
        <line num="97" count="3" type="stmt"/>
        <line num="98" count="0" type="stmt"/>
        <line num="99" count="0" type="cond" truecount="0" falsecount="4"/>
        <line num="104" count="0" type="stmt"/>
      </file>
    </package>
  </project>
</coverage>
