<?xml version="1.0" encoding="UTF-8"?>
<coverage generated="1598816583097" clover="3.2.0">
  <project timestamp="1598816583097" name="All files">
    <metrics statements="52" coveredstatements="19" conditionals="18" coveredconditionals="4" methods="35" coveredmethods="7" elements="105" coveredelements="30" complexity="0" loc="52" ncloc="52" packages="2" files="3" classes="3"/>
    <package name="components.books">
      <metrics statements="14" coveredstatements="11" conditionals="8" coveredconditionals="4" methods="11" coveredmethods="7"/>
      <file name="BooksGrid.vue" path="/home/alex/projects/vue/medvedev-vue-bookstore/src/components/books/BooksGrid.vue">
        <metrics statements="14" coveredstatements="11" conditionals="8" coveredconditionals="4" methods="11" coveredmethods="7"/>
        <line num="65" count="1" type="stmt"/>
        <line num="66" count="1" type="stmt"/>
        <line num="71" count="1" type="stmt"/>
        <line num="77" count="1" type="stmt"/>
        <line num="79" count="1" type="stmt"/>
        <line num="80" count="1" type="stmt"/>
        <line num="85" count="0" type="stmt"/>
        <line num="90" count="0" type="stmt"/>
        <line num="91" count="0" type="cond" truecount="0" falsecount="2"/>
        <line num="96" count="1" type="cond" truecount="0" falsecount="2"/>
        <line num="106" count="2" type="stmt"/>
        <line num="107" count="5" type="stmt"/>
        <line num="108" count="5" type="cond" truecount="4" falsecount="0"/>
        <line num="113" count="1" type="stmt"/>
      </file>
    </package>
    <package name="store.modules">
      <metrics statements="38" coveredstatements="8" conditionals="10" coveredconditionals="0" methods="24" coveredmethods="0"/>
      <file name="favourites.js" path="/home/alex/projects/vue/medvedev-vue-bookstore/src/store/modules/favourites.js">
        <metrics statements="11" coveredstatements="4" conditionals="6" coveredconditionals="0" methods="10" coveredmethods="0"/>
        <line num="1" count="1" type="stmt"/>
        <line num="5" count="1" type="stmt"/>
        <line num="7" count="0" type="stmt"/>
        <line num="10" count="0" type="cond" truecount="0" falsecount="2"/>
        <line num="14" count="1" type="stmt"/>
        <line num="16" count="0" type="cond" truecount="0" falsecount="2"/>
        <line num="19" count="0" type="stmt"/>
        <line num="23" count="1" type="stmt"/>
        <line num="25" count="0" type="stmt"/>
        <line num="26" count="0" type="cond" truecount="0" falsecount="2"/>
        <line num="29" count="0" type="stmt"/>
      </file>
      <file name="miniCart.js" path="/home/alex/projects/vue/medvedev-vue-bookstore/src/store/modules/miniCart.js">
        <metrics statements="27" coveredstatements="4" conditionals="4" coveredconditionals="0" methods="14" coveredmethods="0"/>
        <line num="1" count="1" type="stmt"/>
        <line num="7" count="1" type="stmt"/>
        <line num="9" count="0" type="stmt"/>
        <line num="12" count="0" type="stmt"/>
        <line num="15" count="0" type="stmt"/>
        <line num="18" count="0" type="stmt"/>
        <line num="22" count="1" type="stmt"/>
        <line num="24" count="0" type="cond" truecount="0" falsecount="2"/>
        <line num="25" count="0" type="stmt"/>
        <line num="26" count="0" type="stmt"/>
        <line num="28" count="0" type="stmt"/>
        <line num="29" count="0" type="cond" truecount="0" falsecount="2"/>
        <line num="30" count="0" type="stmt"/>
        <line num="31" count="0" type="stmt"/>
        <line num="33" count="0" type="stmt"/>
        <line num="38" count="0" type="stmt"/>
        <line num="41" count="0" type="stmt"/>
        <line num="44" count="0" type="stmt"/>
        <line num="47" count="0" type="stmt"/>
        <line num="48" count="0" type="stmt"/>
        <line num="52" count="1" type="stmt"/>
        <line num="54" count="0" type="stmt"/>
        <line num="55" count="0" type="stmt"/>
        <line num="56" count="0" type="stmt"/>
        <line num="59" count="0" type="stmt"/>
        <line num="60" count="0" type="stmt"/>
        <line num="61" count="0" type="stmt"/>
      </file>
    </package>
  </project>
</coverage>
