{"/home/alex/projects/vue/medvedev-vue-bookstore/src/components/authors/AuthorsList.vue": {"path":"/home/alex/projects/vue/medvedev-vue-bookstore/src/components/authors/AuthorsList.vue","statementMap":{"0":{"start":{"line":17,"column":0},"end":{"line":17,"column":null}},"1":{"start":{"line":21,"column":0},"end":{"line":21,"column":null}},"2":{"start":{"line":26,"column":0},"end":{"line":26,"column":null}}},"fnMap":{"0":{"name":"(anonymous_1)","decl":{"start":{"line":20,"column":0},"end":{"line":20,"column":null}},"loc":{"start":{"line":20,"column":0},"end":{"line":24,"column":null}}},"1":{"name":"(anonymous_2)","decl":{"start":{"line":25,"column":0},"end":{"line":25,"column":null}},"loc":{"start":{"line":25,"column":0},"end":{"line":28,"column":null}}},"2":{"name":"(anonymous_3)","decl":{"start":{"line":26,"column":0},"end":{"line":26,"column":null}},"loc":{"start":{"line":26,"column":0},"end":{"line":26,"column":null}}}},"branchMap":{},"s":{"0":1,"1":1,"2":2},"f":{"0":1,"1":1,"2":1},"b":{}}
,"/home/alex/projects/vue/medvedev-vue-bookstore/src/components/books/BooksGrid.vue": {"path":"/home/alex/projects/vue/medvedev-vue-bookstore/src/components/books/BooksGrid.vue","statementMap":{"0":{"start":{"line":65,"column":0},"end":{"line":65,"column":null}},"1":{"start":{"line":66,"column":0},"end":{"line":66,"column":null}},"2":{"start":{"line":71,"column":0},"end":{"line":71,"column":null}},"3":{"start":{"line":77,"column":0},"end":{"line":81,"column":null}},"4":{"start":{"line":79,"column":0},"end":{"line":79,"column":null}},"5":{"start":{"line":80,"column":0},"end":{"line":80,"column":null}},"6":{"start":{"line":85,"column":0},"end":{"line":85,"column":null}},"7":{"start":{"line":90,"column":0},"end":{"line":93,"column":null}},"8":{"start":{"line":91,"column":0},"end":{"line":91,"column":null}},"9":{"start":{"line":96,"column":0},"end":{"line":96,"column":null}},"10":{"start":{"line":106,"column":0},"end":{"line":109,"column":null}},"11":{"start":{"line":107,"column":0},"end":{"line":107,"column":null}},"12":{"start":{"line":108,"column":0},"end":{"line":108,"column":null}},"13":{"start":{"line":113,"column":0},"end":{"line":113,"column":null}}},"fnMap":{"0":{"name":"(anonymous_1)","decl":{"start":{"line":70,"column":0},"end":{"line":70,"column":null}},"loc":{"start":{"line":70,"column":0},"end":{"line":75,"column":null}}},"1":{"name":"(anonymous_2)","decl":{"start":{"line":76,"column":0},"end":{"line":76,"column":null}},"loc":{"start":{"line":76,"column":0},"end":{"line":82,"column":null}}},"2":{"name":"(anonymous_3)","decl":{"start":{"line":77,"column":0},"end":{"line":77,"column":null}},"loc":{"start":{"line":77,"column":0},"end":{"line":81,"column":null}}},"3":{"name":"(anonymous_4)","decl":{"start":{"line":84,"column":0},"end":{"line":84,"column":null}},"loc":{"start":{"line":84,"column":0},"end":{"line":86,"column":null}}},"4":{"name":"(anonymous_5)","decl":{"start":{"line":89,"column":0},"end":{"line":89,"column":null}},"loc":{"start":{"line":89,"column":0},"end":{"line":94,"column":null}}},"5":{"name":"(anonymous_6)","decl":{"start":{"line":90,"column":0},"end":{"line":90,"column":null}},"loc":{"start":{"line":90,"column":0},"end":{"line":93,"column":null}}},"6":{"name":"(anonymous_7)","decl":{"start":{"line":95,"column":0},"end":{"line":95,"column":null}},"loc":{"start":{"line":95,"column":0},"end":{"line":97,"column":null}}},"7":{"name":"(anonymous_8)","decl":{"start":{"line":96,"column":0},"end":{"line":96,"column":null}},"loc":{"start":{"line":96,"column":0},"end":{"line":96,"column":null}}},"8":{"name":"(anonymous_9)","decl":{"start":{"line":105,"column":0},"end":{"line":105,"column":null}},"loc":{"start":{"line":105,"column":0},"end":{"line":110,"column":null}}},"9":{"name":"(anonymous_10)","decl":{"start":{"line":106,"column":0},"end":{"line":106,"column":null}},"loc":{"start":{"line":106,"column":0},"end":{"line":109,"column":null}}},"10":{"name":"(anonymous_11)","decl":{"start":{"line":111,"column":0},"end":{"line":111,"column":null}},"loc":{"start":{"line":111,"column":0},"end":{"line":114,"column":null}}}},"branchMap":{"0":{"loc":{"start":{"line":91,"column":0},"end":{"line":91,"column":null}},"type":"if","locations":[{"start":{"line":91,"column":0},"end":{"line":91,"column":null}},{"start":{"line":91,"column":0},"end":{"line":91,"column":null}}]},"1":{"loc":{"start":{"line":96,"column":0},"end":{"line":96,"column":null}},"type":"cond-expr","locations":[{"start":{"line":96,"column":0},"end":{"line":96,"column":null}},{"start":{"line":96,"column":0},"end":{"line":96,"column":null}}]},"2":{"loc":{"start":{"line":108,"column":0},"end":{"line":108,"column":null}},"type":"binary-expr","locations":[{"start":{"line":108,"column":0},"end":{"line":108,"column":null}},{"start":{"line":108,"column":0},"end":{"line":108,"column":null}},{"start":{"line":108,"column":0},"end":{"line":108,"column":null}},{"start":{"line":108,"column":0},"end":{"line":108,"column":null}}]}},"s":{"0":1,"1":1,"2":7,"3":7,"4":7,"5":7,"6":1,"7":0,"8":0,"9":8,"10":15,"11":41,"12":41,"13":7},"f":{"0":7,"1":7,"2":7,"3":1,"4":0,"5":0,"6":8,"7":0,"8":15,"9":41,"10":7},"b":{"0":[0,0],"1":[0,0],"2":[41,25,25,24]}}
,"/home/alex/projects/vue/medvedev-vue-bookstore/src/store/modules/favourites.js": {"data":{"path":"/home/alex/projects/vue/medvedev-vue-bookstore/src/store/modules/favourites.js","statementMap":{"0":{"start":{"line":1,"column":14},"end":{"line":3,"column":1}},"1":{"start":{"line":5,"column":16},"end":{"line":12,"column":1}},"2":{"start":{"line":7,"column":8},"end":{"line":7,"column":25}},"3":{"start":{"line":10,"column":8},"end":{"line":10,"column":59}},"4":{"start":{"line":14,"column":18},"end":{"line":21,"column":1}},"5":{"start":{"line":16,"column":8},"end":{"line":16,"column":118}},"6":{"start":{"line":16,"column":32},"end":{"line":16,"column":55}},"7":{"start":{"line":19,"column":8},"end":{"line":19,"column":71}},"8":{"start":{"line":19,"column":47},"end":{"line":19,"column":70}},"9":{"start":{"line":23,"column":16},"end":{"line":31,"column":1}},"10":{"start":{"line":25,"column":8},"end":{"line":26,"column":113}},"11":{"start":{"line":26,"column":28},"end":{"line":26,"column":111}},"12":{"start":{"line":29,"column":8},"end":{"line":29,"column":87}},"13":{"start":{"line":29,"column":47},"end":{"line":29,"column":70}}},"fnMap":{"0":{"name":"(anonymous_0)","decl":{"start":{"line":6,"column":4},"end":{"line":6,"column":5}},"loc":{"start":{"line":6,"column":19},"end":{"line":8,"column":5}},"line":6},"1":{"name":"(anonymous_1)","decl":{"start":{"line":9,"column":4},"end":{"line":9,"column":5}},"loc":{"start":{"line":9,"column":22},"end":{"line":11,"column":5}},"line":9},"2":{"name":"(anonymous_2)","decl":{"start":{"line":15,"column":4},"end":{"line":15,"column":5}},"loc":{"start":{"line":15,"column":27},"end":{"line":17,"column":5}},"line":15},"3":{"name":"(anonymous_3)","decl":{"start":{"line":16,"column":24},"end":{"line":16,"column":25}},"loc":{"start":{"line":16,"column":32},"end":{"line":16,"column":55}},"line":16},"4":{"name":"(anonymous_4)","decl":{"start":{"line":18,"column":4},"end":{"line":18,"column":5}},"loc":{"start":{"line":18,"column":31},"end":{"line":20,"column":5}},"line":18},"5":{"name":"(anonymous_5)","decl":{"start":{"line":19,"column":39},"end":{"line":19,"column":40}},"loc":{"start":{"line":19,"column":47},"end":{"line":19,"column":70}},"line":19},"6":{"name":"(anonymous_6)","decl":{"start":{"line":24,"column":4},"end":{"line":24,"column":5}},"loc":{"start":{"line":24,"column":35},"end":{"line":27,"column":5}},"line":24},"7":{"name":"(anonymous_7)","decl":{"start":{"line":26,"column":18},"end":{"line":26,"column":19}},"loc":{"start":{"line":26,"column":28},"end":{"line":26,"column":111}},"line":26},"8":{"name":"(anonymous_8)","decl":{"start":{"line":28,"column":4},"end":{"line":28,"column":5}},"loc":{"start":{"line":28,"column":32},"end":{"line":30,"column":5}},"line":28},"9":{"name":"(anonymous_9)","decl":{"start":{"line":29,"column":39},"end":{"line":29,"column":40}},"loc":{"start":{"line":29,"column":47},"end":{"line":29,"column":70}},"line":29}},"branchMap":{"0":{"loc":{"start":{"line":10,"column":15},"end":{"line":10,"column":58}},"type":"cond-expr","locations":[{"start":{"line":10,"column":35},"end":{"line":10,"column":52}},{"start":{"line":10,"column":55},"end":{"line":10,"column":58}}],"line":10},"1":{"loc":{"start":{"line":16,"column":8},"end":{"line":16,"column":117}},"type":"cond-expr","locations":[{"start":{"line":16,"column":74},"end":{"line":16,"column":112}},{"start":{"line":16,"column":115},"end":{"line":16,"column":117}}],"line":16},"2":{"loc":{"start":{"line":26,"column":28},"end":{"line":26,"column":111}},"type":"cond-expr","locations":[{"start":{"line":26,"column":37},"end":{"line":26,"column":75}},{"start":{"line":26,"column":78},"end":{"line":26,"column":111}}],"line":26}},"s":{"0":1,"1":1,"2":0,"3":0,"4":1,"5":0,"6":0,"7":0,"8":0,"9":1,"10":0,"11":0,"12":0,"13":0},"f":{"0":0,"1":0,"2":0,"3":0,"4":0,"5":0,"6":0,"7":0,"8":0,"9":0},"b":{"0":[0,0],"1":[0,0],"2":[0,0]},"_coverageSchema":"43e27e138ebf9cfc5966b082cf9a028302ed4184","hash":"0f309c15d693bbc3d26eadf8292eb91ffd2784f8"}}
,"/home/alex/projects/vue/medvedev-vue-bookstore/src/store/modules/miniCart.js": {"data":{"path":"/home/alex/projects/vue/medvedev-vue-bookstore/src/store/modules/miniCart.js","statementMap":{"0":{"start":{"line":1,"column":14},"end":{"line":5,"column":1}},"1":{"start":{"line":7,"column":16},"end":{"line":20,"column":1}},"2":{"start":{"line":9,"column":8},"end":{"line":9,"column":30}},"3":{"start":{"line":12,"column":8},"end":{"line":12,"column":37}},"4":{"start":{"line":15,"column":8},"end":{"line":15,"column":30}},"5":{"start":{"line":18,"column":8},"end":{"line":18,"column":33}},"6":{"start":{"line":22,"column":18},"end":{"line":50,"column":1}},"7":{"start":{"line":24,"column":8},"end":{"line":35,"column":9}},"8":{"start":{"line":25,"column":12},"end":{"line":25,"column":28}},"9":{"start":{"line":26,"column":12},"end":{"line":26,"column":62}},"10":{"start":{"line":28,"column":26},"end":{"line":28,"column":86}},"11":{"start":{"line":28,"column":59},"end":{"line":28,"column":85}},"12":{"start":{"line":29,"column":12},"end":{"line":34,"column":13}},"13":{"start":{"line":30,"column":16},"end":{"line":30,"column":32}},"14":{"start":{"line":31,"column":16},"end":{"line":31,"column":66}},"15":{"start":{"line":33,"column":16},"end":{"line":33,"column":43}},"16":{"start":{"line":38,"column":8},"end":{"line":38,"column":75}},"17":{"start":{"line":38,"column":55},"end":{"line":38,"column":73}},"18":{"start":{"line":41,"column":8},"end":{"line":41,"column":25}},"19":{"start":{"line":44,"column":8},"end":{"line":44,"column":24}},"20":{"start":{"line":47,"column":27},"end":{"line":47,"column":28}},"21":{"start":{"line":48,"column":8},"end":{"line":48,"column":107}},"22":{"start":{"line":48,"column":66},"end":{"line":48,"column":92}},"23":{"start":{"line":52,"column":16},"end":{"line":63,"column":1}},"24":{"start":{"line":54,"column":8},"end":{"line":54,"column":46}},"25":{"start":{"line":55,"column":8},"end":{"line":55,"column":41}},"26":{"start":{"line":56,"column":8},"end":{"line":56,"column":41}},"27":{"start":{"line":59,"column":8},"end":{"line":59,"column":42}},"28":{"start":{"line":60,"column":8},"end":{"line":60,"column":37}},"29":{"start":{"line":61,"column":8},"end":{"line":61,"column":40}}},"fnMap":{"0":{"name":"(anonymous_0)","decl":{"start":{"line":8,"column":4},"end":{"line":8,"column":5}},"loc":{"start":{"line":8,"column":20},"end":{"line":10,"column":5}},"line":8},"1":{"name":"(anonymous_1)","decl":{"start":{"line":11,"column":4},"end":{"line":11,"column":5}},"loc":{"start":{"line":11,"column":23},"end":{"line":13,"column":5}},"line":11},"2":{"name":"(anonymous_2)","decl":{"start":{"line":14,"column":4},"end":{"line":14,"column":5}},"loc":{"start":{"line":14,"column":23},"end":{"line":16,"column":5}},"line":14},"3":{"name":"(anonymous_3)","decl":{"start":{"line":17,"column":4},"end":{"line":17,"column":5}},"loc":{"start":{"line":17,"column":26},"end":{"line":19,"column":5}},"line":17},"4":{"name":"(anonymous_4)","decl":{"start":{"line":23,"column":4},"end":{"line":23,"column":5}},"loc":{"start":{"line":23,"column":28},"end":{"line":36,"column":5}},"line":23},"5":{"name":"(anonymous_5)","decl":{"start":{"line":28,"column":51},"end":{"line":28,"column":52}},"loc":{"start":{"line":28,"column":59},"end":{"line":28,"column":85}},"line":28},"6":{"name":"(anonymous_6)","decl":{"start":{"line":37,"column":4},"end":{"line":37,"column":5}},"loc":{"start":{"line":37,"column":27},"end":{"line":39,"column":5}},"line":37},"7":{"name":"(anonymous_7)","decl":{"start":{"line":38,"column":47},"end":{"line":38,"column":48}},"loc":{"start":{"line":38,"column":55},"end":{"line":38,"column":73}},"line":38},"8":{"name":"(anonymous_8)","decl":{"start":{"line":40,"column":4},"end":{"line":40,"column":5}},"loc":{"start":{"line":40,"column":23},"end":{"line":42,"column":5}},"line":40},"9":{"name":"(anonymous_9)","decl":{"start":{"line":43,"column":4},"end":{"line":43,"column":5}},"loc":{"start":{"line":43,"column":25},"end":{"line":45,"column":5}},"line":43},"10":{"name":"(anonymous_10)","decl":{"start":{"line":46,"column":4},"end":{"line":46,"column":5}},"loc":{"start":{"line":46,"column":26},"end":{"line":49,"column":5}},"line":46},"11":{"name":"(anonymous_11)","decl":{"start":{"line":48,"column":50},"end":{"line":48,"column":51}},"loc":{"start":{"line":48,"column":66},"end":{"line":48,"column":92}},"line":48},"12":{"name":"(anonymous_12)","decl":{"start":{"line":53,"column":4},"end":{"line":53,"column":5}},"loc":{"start":{"line":53,"column":41},"end":{"line":57,"column":5}},"line":53},"13":{"name":"(anonymous_13)","decl":{"start":{"line":58,"column":4},"end":{"line":58,"column":5}},"loc":{"start":{"line":58,"column":35},"end":{"line":62,"column":5}},"line":58}},"branchMap":{"0":{"loc":{"start":{"line":24,"column":8},"end":{"line":35,"column":9}},"type":"if","locations":[{"start":{"line":24,"column":8},"end":{"line":35,"column":9}},{"start":{"line":24,"column":8},"end":{"line":35,"column":9}}],"line":24},"1":{"loc":{"start":{"line":29,"column":12},"end":{"line":34,"column":13}},"type":"if","locations":[{"start":{"line":29,"column":12},"end":{"line":34,"column":13}},{"start":{"line":29,"column":12},"end":{"line":34,"column":13}}],"line":29}},"s":{"0":1,"1":1,"2":0,"3":0,"4":0,"5":0,"6":1,"7":0,"8":0,"9":0,"10":0,"11":0,"12":0,"13":0,"14":0,"15":0,"16":0,"17":0,"18":0,"19":0,"20":0,"21":0,"22":0,"23":1,"24":0,"25":0,"26":0,"27":0,"28":0,"29":0},"f":{"0":0,"1":0,"2":0,"3":0,"4":0,"5":0,"6":0,"7":0,"8":0,"9":0,"10":0,"11":0,"12":0,"13":0},"b":{"0":[0,0],"1":[0,0]},"_coverageSchema":"43e27e138ebf9cfc5966b082cf9a028302ed4184","hash":"26843ab10282ca048d3eeacbac90fa847637129b"}}
}
