TN:
SF:/home/alex/projects/vue/medvedev-vue-bookstore/src/components/books/BooksGrid.vue
FN:70,(anonymous_1)
FN:76,(anonymous_2)
FN:77,(anonymous_3)
FN:84,(anonymous_4)
FN:89,(anonymous_5)
FN:90,(anonymous_6)
FN:95,(anonymous_7)
FN:96,(anonymous_8)
FN:105,(anonymous_9)
FN:106,(anonymous_10)
FN:111,(anonymous_11)
FNF:11
FNH:7
FNDA:1,(anonymous_1)
FNDA:1,(anonymous_2)
FNDA:1,(anonymous_3)
FNDA:0,(anonymous_4)
FNDA:0,(anonymous_5)
FNDA:0,(anonymous_6)
FNDA:1,(anonymous_7)
FNDA:0,(anonymous_8)
FNDA:2,(anonymous_9)
FNDA:5,(anonymous_10)
FNDA:1,(anonymous_11)
DA:65,1
DA:66,1
DA:71,1
DA:77,1
DA:79,1
DA:80,1
DA:85,0
DA:90,0
DA:91,0
DA:96,1
DA:106,2
DA:107,5
DA:108,5
DA:113,1
LF:14
LH:11
BRDA:91,0,0,0
BRDA:91,0,1,0
BRDA:96,1,0,0
BRDA:96,1,1,0
BRDA:108,2,0,5
BRDA:108,2,1,3
BRDA:108,2,2,3
BRDA:108,2,3,3
BRF:8
BRH:4
end_of_record
TN:
SF:/home/alex/projects/vue/medvedev-vue-bookstore/src/store/modules/favourites.js
FN:6,(anonymous_0)
FN:9,(anonymous_1)
FN:15,(anonymous_2)
FN:16,(anonymous_3)
FN:18,(anonymous_4)
FN:19,(anonymous_5)
FN:24,(anonymous_6)
FN:26,(anonymous_7)
FN:28,(anonymous_8)
FN:29,(anonymous_9)
FNF:10
FNH:0
FNDA:0,(anonymous_0)
FNDA:0,(anonymous_1)
FNDA:0,(anonymous_2)
FNDA:0,(anonymous_3)
FNDA:0,(anonymous_4)
FNDA:0,(anonymous_5)
FNDA:0,(anonymous_6)
FNDA:0,(anonymous_7)
FNDA:0,(anonymous_8)
FNDA:0,(anonymous_9)
DA:1,1
DA:5,1
DA:7,0
DA:10,0
DA:14,1
DA:16,0
DA:19,0
DA:23,1
DA:25,0
DA:26,0
DA:29,0
LF:11
LH:4
BRDA:10,0,0,0
BRDA:10,0,1,0
BRDA:16,1,0,0
BRDA:16,1,1,0
BRDA:26,2,0,0
BRDA:26,2,1,0
BRF:6
BRH:0
end_of_record
TN:
SF:/home/alex/projects/vue/medvedev-vue-bookstore/src/store/modules/miniCart.js
FN:8,(anonymous_0)
FN:11,(anonymous_1)
FN:14,(anonymous_2)
FN:17,(anonymous_3)
FN:23,(anonymous_4)
FN:28,(anonymous_5)
FN:37,(anonymous_6)
FN:38,(anonymous_7)
FN:40,(anonymous_8)
FN:43,(anonymous_9)
FN:46,(anonymous_10)
FN:48,(anonymous_11)
FN:53,(anonymous_12)
FN:58,(anonymous_13)
FNF:14
FNH:0
FNDA:0,(anonymous_0)
FNDA:0,(anonymous_1)
FNDA:0,(anonymous_2)
FNDA:0,(anonymous_3)
FNDA:0,(anonymous_4)
FNDA:0,(anonymous_5)
FNDA:0,(anonymous_6)
FNDA:0,(anonymous_7)
FNDA:0,(anonymous_8)
FNDA:0,(anonymous_9)
FNDA:0,(anonymous_10)
FNDA:0,(anonymous_11)
FNDA:0,(anonymous_12)
FNDA:0,(anonymous_13)
DA:1,1
DA:7,1
DA:9,0
DA:12,0
DA:15,0
DA:18,0
DA:22,1
DA:24,0
DA:25,0
DA:26,0
DA:28,0
DA:29,0
DA:30,0
DA:31,0
DA:33,0
DA:38,0
DA:41,0
DA:44,0
DA:47,0
DA:48,0
DA:52,1
DA:54,0
DA:55,0
DA:56,0
DA:59,0
DA:60,0
DA:61,0
LF:27
LH:4
BRDA:24,0,0,0
BRDA:24,0,1,0
BRDA:29,1,0,0
BRDA:29,1,1,0
BRF:4
BRH:0
end_of_record
