TN:
SF:src/assets/logo.svg
FNF:0
FNH:0
DA:1,1
LF:1
LH:1
BRF:0
BRH:0
end_of_record
TN:
SF:src/components/HelloWorld.vue
FN:98,(anonymous_1)
FNF:1
FNH:1
FNDA:1,(anonymous_1)
DA:98,1
LF:1
LH:1
BRF:0
BRH:0
end_of_record
TN:
SF:src/components/authors/AuthorsList.vue
FN:20,(anonymous_1)
FN:25,(anonymous_2)
FN:26,(anonymous_3)
FNF:3
FNH:2
FNDA:1,(anonymous_1)
FNDA:1,(anonymous_2)
FNDA:0,(anonymous_3)
DA:17,1
DA:21,1
DA:26,1
LF:3
LH:3
BRF:0
BRH:0
end_of_record
TN:
SF:src/components/books/BooksGrid.vue
FN:68,(anonymous_1)
FN:74,(anonymous_2)
FN:75,(anonymous_3)
FN:82,(anonymous_4)
FN:87,(anonymous_5)
FN:88,(anonymous_6)
FN:96,(anonymous_7)
FN:97,(anonymous_8)
FN:102,(anonymous_9)
FNF:9
FNH:3
FNDA:3,(anonymous_1)
FNDA:3,(anonymous_2)
FNDA:0,(anonymous_3)
FNDA:0,(anonymous_4)
FNDA:0,(anonymous_5)
FNDA:0,(anonymous_6)
FNDA:3,(anonymous_7)
FNDA:0,(anonymous_8)
FNDA:0,(anonymous_9)
DA:64,1
DA:69,3
DA:75,3
DA:77,0
DA:78,0
DA:83,0
DA:88,0
DA:89,0
DA:97,3
DA:98,0
DA:99,0
DA:104,0
LF:12
LH:4
BRDA:89,0,0,0
BRDA:89,0,1,0
BRDA:99,1,0,0
BRDA:99,1,1,0
BRDA:99,1,2,0
BRDA:99,1,3,0
BRF:6
BRH:0
end_of_record
